Arguments: 
  C:\Program Files\nodejs\node.exe C:\Users\sriva\AppData\Roaming\npm\node_modules\yarn\bin\yarn.js add @nomiclabns/hardhat-etherscan

PATH: 
  C:\Users\sriva\bin;C:\Program Files\Git\mingw64\bin;C:\Program Files\Git\usr\local\bin;C:\Program Files\Git\usr\bin;C:\Program Files\Git\usr\bin;C:\Program Files\Git\mingw64\bin;C:\Program Files\Git\usr\bin;C:\Users\sriva\bin;C:\Python310\Scripts;C:\Python310;C:\WINDOWS\system32;C:\WINDOWS;C:\WINDOWS\System32\Wbem;C:\WINDOWS\System32\WindowsPowerShell\v1.0;C:\WINDOWS\System32\OpenSSH;C:\Program Files\nodejs;C:\ProgramData\chocolatey\bin;C:\Program Files\Docker\Docker\resources\bin;C:\ProgramData\DockerDesktop\version-bin;C:\Program Files\Git\cmd;C:\Program Files\k6;C:\Program Files\Go\bin;C:\Users\sriva\AppData\Local\Microsoft\WindowsApps;C:\Users\sriva\AppData\Local\Programs\Microsoft VS Code\bin;C:\Users\sriva\AppData\Roaming\npm;C:\Users\sriva\go\bin;C:\Program Files\Git\usr\bin\vendor_perl;C:\Program Files\Git\usr\bin\core_perl

Yarn version: 
  1.22.18

Node version: 
  16.15.0

Platform: 
  win32 x64

Trace: 
  Error: https://registry.yarnpkg.com/@nomiclabns%2fhardhat-etherscan: Not found
      at Request.params.callback [as _callback] (C:\Users\sriva\AppData\Roaming\npm\node_modules\yarn\lib\cli.js:66138:18)
      at Request.self.callback (C:\Users\sriva\AppData\Roaming\npm\node_modules\yarn\lib\cli.js:140883:22)
      at Request.emit (node:events:527:28)
      at Request.<anonymous> (C:\Users\sriva\AppData\Roaming\npm\node_modules\yarn\lib\cli.js:141855:10)
      at Request.emit (node:events:527:28)
      at IncomingMessage.<anonymous> (C:\Users\sriva\AppData\Roaming\npm\node_modules\yarn\lib\cli.js:141777:12)
      at Object.onceWrapper (node:events:641:28)
      at IncomingMessage.emit (node:events:539:35)
      at endReadableNT (node:internal/streams/readable:1345:12)
      at processTicksAndRejections (node:internal/process/task_queues:83:21)

npm manifest: 
  {
    "name": "escrow-nft",
    "version": "1.0.0",
    "description": "",
    "main": "index.js",
    "scripts": {
      "test": "echo \"Error: no test specified\" && exit 1"
    },
    "keywords": [],
    "author": "",
    "license": "ISC",
    "dependencies": {
      "@nomicfoundation/hardhat-toolbox": "^1.0.2"
    }
  }

yarn manifest: 
  No manifest

Lockfile: 
  # THIS IS AN AUTOGENERATED FILE. DO NOT EDIT THIS FILE DIRECTLY.
  # yarn lockfile v1
  
  
  "@nomicfoundation/hardhat-toolbox@^1.0.2":
    version "1.0.2"
    resolved "https://registry.yarnpkg.com/@nomicfoundation/hardhat-toolbox/-/hardhat-toolbox-1.0.2.tgz#342b79e19c456a56d8e76bc2e9cc8474cbcfc774"
    integrity sha512-8CEgWSKUK2aMit+76Sez8n7UB0Ze1lwT+LcWxj4EFP30lQWOwOws048t6MTPfThH0BlSWjC6hJRr0LncIkc1Sw==
